  test.cpp
  LBM.cpp
c:\users\goto\documents\visual studio 2015\projects\karmanvortex\karmanvortex\lbm.cpp(179): warning C4244: '初期化中': 'double' から 'int' への変換です。データが失われる可能性があります。
c:\users\goto\documents\visual studio 2015\projects\karmanvortex\karmanvortex\lbm.cpp(180): warning C4244: '初期化中': 'double' から 'int' への変換です。データが失われる可能性があります。
c:\users\goto\documents\visual studio 2015\projects\karmanvortex\karmanvortex\lbm.cpp(181): warning C4244: '初期化中': 'double' から 'int' への変換です。データが失われる可能性があります。
c:\users\goto\documents\visual studio 2015\projects\karmanvortex\karmanvortex\lbm.cpp(359): warning C4244: '初期化中': 'double' から 'int' への変換です。データが失われる可能性があります。
c:\users\goto\documents\visual studio 2015\projects\karmanvortex\karmanvortex\lbm.cpp(360): warning C4244: '初期化中': 'double' から 'int' への変換です。データが失われる可能性があります。
c:\users\goto\documents\visual studio 2015\projects\karmanvortex\karmanvortex\lbm.cpp(361): warning C4244: '初期化中': 'double' から 'int' への変換です。データが失われる可能性があります。
c:\users\goto\documents\visual studio 2015\projects\karmanvortex\karmanvortex\lbm.cpp(396): warning C4244: '初期化中': 'double' から 'int' への変換です。データが失われる可能性があります。
c:\users\goto\documents\visual studio 2015\projects\karmanvortex\karmanvortex\lbm.cpp(397): warning C4244: '初期化中': 'double' から 'int' への変換です。データが失われる可能性があります。
c:\users\goto\documents\visual studio 2015\projects\karmanvortex\karmanvortex\lbm.cpp(398): warning C4244: '初期化中': 'double' から 'int' への変換です。データが失われる可能性があります。
c:\users\goto\documents\visual studio 2015\projects\karmanvortex\karmanvortex\vector3_private.h(70): warning C4244: '=': 'double' から 'int' への変換です。データが失われる可能性があります。
  c:\users\goto\documents\visual studio 2015\projects\karmanvortex\karmanvortex\vector3_private.h(68): note: クラス テンプレート のメンバー関数 'void CVector3<int>::mult(double,CVector<T> *)' のコンパイル中
          with
          [
              T=int
          ]
  c:\users\goto\documents\visual studio 2015\projects\karmanvortex\karmanvortex\debug.h(25): note: コンパイル対象のクラス テンプレート インスタンス化 'CVector3<int>' のリファレンスを確認してください
c:\users\goto\documents\visual studio 2015\projects\karmanvortex\karmanvortex\vector3_private.h(71): warning C4244: '=': 'double' から 'int' への変換です。データが失われる可能性があります。
c:\users\goto\documents\visual studio 2015\projects\karmanvortex\karmanvortex\vector3_private.h(72): warning C4244: '=': 'double' から 'int' への変換です。データが失われる可能性があります。
c:\users\goto\documents\visual studio 2015\projects\karmanvortex\karmanvortex\vector3_private.h(81): warning C4244: '=': 'double' から 'int' への変換です。データが失われる可能性があります。
  c:\users\goto\documents\visual studio 2015\projects\karmanvortex\karmanvortex\vector3_private.h(77): note: クラス テンプレート のメンバー関数 'void CVector3<int>::div(double,CVector<T> *)' のコンパイル中
          with
          [
              T=int
          ]
c:\users\goto\documents\visual studio 2015\projects\karmanvortex\karmanvortex\vector3_private.h(82): warning C4244: '=': 'double' から 'int' への変換です。データが失われる可能性があります。
c:\users\goto\documents\visual studio 2015\projects\karmanvortex\karmanvortex\vector3_private.h(83): warning C4244: '=': 'double' から 'int' への変換です。データが失われる可能性があります。
  コードを生成中...
c:\users\goto\documents\visual studio 2015\projects\karmanvortex\karmanvortex\lbm.cpp(328): warning C4715: 'CLBM::invertVelocity': 値を返さないコントロール パスがあります。
  KarmanVortex.vcxproj -> C:\Users\Goto\documents\visual studio 2015\Projects\KarmanVortex\Debug\KarmanVortex.exe
  KarmanVortex.vcxproj -> C:\Users\Goto\documents\visual studio 2015\Projects\KarmanVortex\Debug\KarmanVortex.pdb (Partial PDB)
